<?xml version="1.0" encoding="UTF-8"?>
<!-- Generated by org.testng.reporters.JUnitXMLReporter -->
<testsuite ignored="0" hostname="Adityas-MacBook-Pro.local" failures="1" tests="5" name="Test" time="4.962" errors="0" timestamp="2025-04-01T18:09:48 IST">
  <testcase classname="com.TestCase.LoginPage_TestCases" name="TestValidCreds" time="3.206"/>
  <testcase classname="com.TestCase.LoginPage_TestCases" name="TestinvalidCreds" time="1.73"/>
  <testcase classname="com.TettCase2.RegisterPage_test" name="testtitle_data" time="0.0">
    <failure type="java.lang.AssertionError" message="expected:&amp;lt;2&amp;gt; but was:&amp;lt;4&amp;gt;">
      <![CDATA[java.lang.AssertionError: expected:<2> but was:<4>
at com.TettCase2.RegisterPage_test.testtitle_data(RegisterPage_test.java:23)
at java.base/java.util.ArrayList.forEach(ArrayList.java:1511)
... Removed 32 stack frames]]>
    </failure>
  </testcase> <!-- testtitle_data -->
  <testcase classname="com.TettCase2.RegisterPage_test" name="testurl_data" time="0.001"/>
  <testcase classname="com.TettCase2.RegisterPage_test" name="testvalid_data" time="0.001"/>
</testsuite> <!-- Test -->
